[0mGET / [36m304 [0m242.379 ms - -[0m
[0mGET /bootstrap/css/bootstrap.min.css [36m304 [0m10.721 ms - -[0m
[0mGET /bootstrap/css/bootstrap-theme.min.css [36m304 [0m9.553 ms - -[0m
[0mGET /stylesheets/style.css [36m304 [0m9.226 ms - -[0m
[0mGET /stylesheets/dashboard.css [36m304 [0m9.245 ms - -[0m
[0mGET /bootstrap/js/bootstrap.min.js [36m304 [0m9.257 ms - -[0m
[0mGET /javascripts/jquery/jquery-2.1.3.min.js [36m304 [0m9.669 ms - -[0m
[0mGET /bootstrap/fonts/glyphicons-halflings-regular.woff2 [36m304 [0m0.740 ms - -[0m
[0mGET / [36m304 [0m64.886 ms - -[0m
[0mGET /bootstrap/css/bootstrap.min.css [36m304 [0m1.387 ms - -[0m
[0mGET /bootstrap/css/bootstrap-theme.min.css [36m304 [0m1.299 ms - -[0m
[0mGET /stylesheets/style.css [36m304 [0m5.004 ms - -[0m
[0mGET /stylesheets/dashboard.css [36m304 [0m4.921 ms - -[0m
[0mGET /javascripts/jquery/jquery-2.1.3.min.js [36m304 [0m7.793 ms - -[0m
[0mGET /bootstrap/js/bootstrap.min.js [36m304 [0m6.306 ms - -[0m
[0mGET /bootstrap/fonts/glyphicons-halflings-regular.woff2 [36m304 [0m0.662 ms - -[0m
[0mGET / [36m304 [0m235.344 ms - -[0m
[0mGET /bootstrap/css/bootstrap.min.css [36m304 [0m8.492 ms - -[0m
[0mGET /bootstrap/css/bootstrap-theme.min.css [36m304 [0m7.544 ms - -[0m
[0mGET /stylesheets/style.css [36m304 [0m2.193 ms - -[0m
[0mGET /stylesheets/dashboard.css [36m304 [0m1.844 ms - -[0m
[0mGET /javascripts/jquery/jquery-2.1.3.min.js [36m304 [0m1.707 ms - -[0m
[0mGET /bootstrap/js/bootstrap.min.js [36m304 [0m1.882 ms - -[0m
[0mGET /bootstrap/fonts/glyphicons-halflings-regular.woff2 [36m304 [0m1.093 ms - -[0m
[0mGET / [36m304 [0m66.123 ms - -[0m
[0mGET /bootstrap/css/bootstrap.min.css [36m304 [0m3.348 ms - -[0m
[0mGET /bootstrap/css/bootstrap-theme.min.css [36m304 [0m3.703 ms - -[0m
[0mGET /stylesheets/style.css [36m304 [0m4.123 ms - -[0m
[0mGET /stylesheets/dashboard.css [36m304 [0m4.920 ms - -[0m
[0mGET /javascripts/jquery/jquery-2.1.3.min.js [36m304 [0m5.068 ms - -[0m
[0mGET /bootstrap/js/bootstrap.min.js [36m304 [0m4.782 ms - -[0m
[0mGET /bootstrap/fonts/glyphicons-halflings-regular.woff2 [36m304 [0m0.631 ms - -[0m
[0mGET / [36m304 [0m42.260 ms - -[0m
[0mGET /bootstrap/css/bootstrap.min.css [36m304 [0m2.835 ms - -[0m
[0mGET /bootstrap/css/bootstrap-theme.min.css [36m304 [0m2.977 ms - -[0m
[0mGET /stylesheets/style.css [36m304 [0m3.820 ms - -[0m
[0mGET /stylesheets/dashboard.css [36m304 [0m4.269 ms - -[0m
[0mGET /javascripts/jquery/jquery-2.1.3.min.js [36m304 [0m4.899 ms - -[0m
[0mGET /bootstrap/js/bootstrap.min.js [36m304 [0m5.107 ms - -[0m
[0mGET /bootstrap/fonts/glyphicons-halflings-regular.woff2 [36m304 [0m1.159 ms - -[0m
[0mGET / [36m304 [0m58.085 ms - -[0m
[0mGET /bootstrap/css/bootstrap.min.css [36m304 [0m2.578 ms - -[0m
[0mGET /bootstrap/css/bootstrap-theme.min.css [36m304 [0m2.615 ms - -[0m
[0mGET /stylesheets/style.css [36m304 [0m3.309 ms - -[0m
[0mGET /stylesheets/dashboard.css [36m304 [0m3.629 ms - -[0m
[0mGET /javascripts/jquery/jquery-2.1.3.min.js [36m304 [0m3.699 ms - -[0m
[0mGET /bootstrap/js/bootstrap.min.js [36m304 [0m4.088 ms - -[0m
[0mGET /bootstrap/fonts/glyphicons-halflings-regular.woff2 [36m304 [0m0.825 ms - -[0m
[0mGET / [36m304 [0m246.266 ms - -[0m
[0mGET /bootstrap/css/bootstrap.min.css [36m304 [0m8.759 ms - -[0m
[0mGET /bootstrap/css/bootstrap-theme.min.css [36m304 [0m7.914 ms - -[0m
[0mGET /stylesheets/style.css [36m304 [0m2.129 ms - -[0m
[0mGET /stylesheets/dashboard.css [36m304 [0m1.687 ms - -[0m
[0mGET /javascripts/jquery/jquery-2.1.3.min.js [36m304 [0m1.594 ms - -[0m
[0mGET /bootstrap/js/bootstrap.min.js [36m304 [0m1.680 ms - -[0m
[0mGET /bootstrap/fonts/glyphicons-halflings-regular.woff2 [36m304 [0m0.717 ms - -[0m
[0mGET / [36m304 [0m66.753 ms - -[0m
[0mGET /bootstrap/css/bootstrap.min.css [36m304 [0m5.062 ms - -[0m
[0mGET /bootstrap/css/bootstrap-theme.min.css [36m304 [0m5.391 ms - -[0m
[0mGET /stylesheets/style.css [36m304 [0m5.422 ms - -[0m
[0mGET /stylesheets/dashboard.css [36m304 [0m5.125 ms - -[0m
[0mGET /javascripts/jquery/jquery-2.1.3.min.js [36m304 [0m3.639 ms - -[0m
[0mGET /bootstrap/js/bootstrap.min.js [36m304 [0m3.344 ms - -[0m
[0mGET /bootstrap/fonts/glyphicons-halflings-regular.woff2 [36m304 [0m0.838 ms - -[0m
